[debug] [2024-03-10T15:13:18.402Z] ----------------------------------------------------------------------
[debug] [2024-03-10T15:13:18.404Z] Command:       /usr/local/bin/firebase /Users/kapilsinha/.cache/firebase/tools/lib/node_modules/firebase-tools/lib/bin/firebase init hosting
[debug] [2024-03-10T15:13:18.404Z] CLI Version:   11.21.0
[debug] [2024-03-10T15:13:18.404Z] Platform:      darwin
[debug] [2024-03-10T15:13:18.405Z] Node Version:  v16.16.0
[debug] [2024-03-10T15:13:18.410Z] Time:          Sun Mar 10 2024 08:13:18 GMT-0700 (Pacific Daylight Time)
[debug] [2024-03-10T15:13:18.410Z] ----------------------------------------------------------------------
[debug] 
[debug] [2024-03-10T15:13:18.465Z] > command requires scopes: ["email","openid","https://www.googleapis.com/auth/cloudplatformprojects.readonly","https://www.googleapis.com/auth/firebase","https://www.googleapis.com/auth/cloud-platform"]
[debug] [2024-03-10T15:13:18.465Z] > authorizing via signed-in user (ksinha1999@gmail.com)
[info] 
     ######## #### ########  ######## ########     ###     ######  ########
     ##        ##  ##     ## ##       ##     ##  ##   ##  ##       ##
     ######    ##  ########  ######   ########  #########  ######  ######
     ##        ##  ##    ##  ##       ##     ## ##     ##       ## ##
     ##       #### ##     ## ######## ########  ##     ##  ######  ########

You're about to initialize a Firebase project in this directory:

  /Users/kapilsinha/Desktop/coderemotedotdev-site

Before we get started, keep in mind:

  * You are initializing within an existing Firebase project directory

[info] 
=== Project Setup
[info] 
[info] First, let's associate this project directory with a Firebase project.
[info] You can create multiple project aliases by running firebase use --add, 
[info] but for now we'll just set up a default project.
[info] 
[debug] [2024-03-10T15:13:18.468Z] Using project from CLI flag: coderemotedotdev
[debug] [2024-03-10T15:13:18.470Z] > refreshing access token with scopes: []
[debug] [2024-03-10T15:13:18.471Z] >>> [apiv2][query] POST https://www.googleapis.com/oauth2/v3/token [none]
[debug] [2024-03-10T15:13:18.472Z] >>> [apiv2][body] POST https://www.googleapis.com/oauth2/v3/token [omitted]
[debug] [2024-03-10T15:13:18.690Z] <<< [apiv2][status] POST https://www.googleapis.com/oauth2/v3/token 200
[debug] [2024-03-10T15:13:18.691Z] <<< [apiv2][body] POST https://www.googleapis.com/oauth2/v3/token [omitted]
[debug] [2024-03-10T15:13:18.743Z] >>> [apiv2][query] GET https://firebase.googleapis.com/v1beta1/projects/coderemotedotdev [none]
[debug] [2024-03-10T15:13:19.185Z] <<< [apiv2][status] GET https://firebase.googleapis.com/v1beta1/projects/coderemotedotdev 200
[debug] [2024-03-10T15:13:19.185Z] <<< [apiv2][body] GET https://firebase.googleapis.com/v1beta1/projects/coderemotedotdev {"projectId":"coderemotedotdev","projectNumber":"465572793535","displayName":"CodeRemote","name":"projects/coderemotedotdev","resources":{"hostingSite":"coderemotedotdev"},"state":"ACTIVE","etag":"1_8dd612af-81ab-4b66-92c8-b9c95b908a10"}
[info] i  Using project coderemotedotdev (CodeRemote) 
[info] 
=== Hosting Setup
[info] 
[info] Your public directory is the folder (relative to your project directory) that
[info] will contain Hosting assets to be uploaded with firebase deploy. If you
[info] have a build process for your assets, use your build's output directory.
[info] 
